Arguments: 
  /Users/deast/.nvm/versions/node/v6.11.1/bin/node /Users/deast/.nvm/versions/node/v6.11.1/bin/yarn add fs-extra

PATH: 
  /Users/deast/.nvm/versions/node/v6.11.1/bin:/usr/local/git/current/bin:/usr/local/bin:/usr/bin:/bin:/usr/local/sbin:/usr/sbin:/sbin:/Library/Frameworks/Mono.framework/Versions/Current/Commands:/Users/deast/.rvm/bin:/Users/deast/.rvm/bin

Yarn version: 
  1.2.0

Node version: 
  6.11.1

Platform: 
  darwin x64

npm manifest: 
  

yarn manifest: 
  No manifest

Lockfile: 
  No lockfile

Trace: 
  SyntaxError: /Users/deast/Documents/angular/angularstatic/site/package.json: Unexpected end of JSON input
      at Object.parse (native)
      at /Users/deast/.nvm/versions/node/v6.11.1/lib/node_modules/yarn/lib/cli.js:770:59
      at next (native)
      at step (/Users/deast/.nvm/versions/node/v6.11.1/lib/node_modules/yarn/lib/cli.js:92:30)
      at /Users/deast/.nvm/versions/node/v6.11.1/lib/node_modules/yarn/lib/cli.js:103:13
